<?xml version="1.0" encoding="UTF-8"?>
<testng-results ignored="0" total="1" passed="1" failed="0" skipped="0">
  <reporter-output>
    <line>
      <![CDATA[Hello Batchmates]]>
    </line>
  </reporter-output>
  <suite started-at="2023-07-29T10:40:46 IST" name="Surefire suite" finished-at="2023-07-29T10:40:46 IST" duration-ms="31">
    <groups>
    </groups>
    <test started-at="2023-07-29T10:40:46 IST" name="Surefire test" finished-at="2023-07-29T10:40:46 IST" duration-ms="31">
      <class name="tests.TestOne">
        <test-method signature="method()[pri:0, instance:tests.TestOne@4461c7e3]" started-at="2023-07-29T10:40:46 IST" name="method" finished-at="2023-07-29T10:40:46 IST" duration-ms="4" status="PASS">
          <reporter-output>
            <line>
              <![CDATA[Hello Batchmates]]>
            </line>
          </reporter-output>
        </test-method> <!-- method -->
      </class> <!-- tests.TestOne -->
    </test> <!-- Surefire test -->
  </suite> <!-- Surefire suite -->
</testng-results>
