<?xml version="1.0" encoding="UTF-8"?>
<testng-results ignored="0" total="1" passed="1" failed="0" skipped="0">
  <reporter-output>
    <line>
      <![CDATA[Hello Batchmates]]>
    </line>
  </reporter-output>
  <suite started-at="2023-08-26T16:54:20 IST" name="Default suite" finished-at="2023-08-26T16:54:20 IST" duration-ms="51">
    <groups>
    </groups>
    <test started-at="2023-08-26T16:54:20 IST" name="Default test" finished-at="2023-08-26T16:54:20 IST" duration-ms="51">
      <class name="tests.TestOne">
        <test-method signature="method()[pri:0, instance:tests.TestOne@59fd97a8]" started-at="2023-08-26T16:54:20 IST" name="method" finished-at="2023-08-26T16:54:20 IST" duration-ms="10" status="PASS">
          <reporter-output>
            <line>
              <![CDATA[Hello Batchmates]]>
            </line>
          </reporter-output>
        </test-method> <!-- method -->
      </class> <!-- tests.TestOne -->
    </test> <!-- Default test -->
  </suite> <!-- Default suite -->
</testng-results>
